<?xml version="1.0" encoding="UTF-8"?>
<!-- Generated by org.testng.reporters.JUnitReportReporter -->
<testsuite hostname="aafcdfbcefdfddfddddfcbefbaaebdcffff-0" failures="0" tests="2" name="ai.iamneo.testing.Testing_Selenium_TestNg.AppTest" time="0.002" errors="0" timestamp="2023-09-04T09:45:44 UTC" skipped="0">
  <testcase classname="ai.iamneo.testing.Testing_Selenium_TestNg.AppTest" name="testcase_2" time="0.000"/>
  <system-out/>
  <testcase classname="ai.iamneo.testing.Testing_Selenium_TestNg.AppTest" name="testcase_1" time="0.002"/>
  <system-out/>
</testsuite> <!-- ai.iamneo.testing.Testing_Selenium_TestNg.AppTest -->
